<?xml version="1.0" encoding="UTF-8"?>
<testsuites name="jest tests" tests="2" failures="2" errors="0" time="1.007">
  <testsuite name="undefined" errors="0" failures="2" skipped="0" timestamp="2024-02-22T19:10:35" time="0.955" tests="2">
    <testcase classname=" test uncovered if" name=" test uncovered if" time="0.002">
      <failure>Error: expect(received).toEqual(expected) // deep equality

Expected: true
Received: false
    at Object.&lt;anonymous&gt; (/Users/josephsawaya/dev/test-result-action/demo/coverage-test/coverage.test.ts:5:38)
    at Promise.then.completed (/Users/josephsawaya/dev/test-result-action/node_modules/jest-circus/build/utils.js:298:28)
    at new Promise (&lt;anonymous&gt;)
    at callAsyncCircusFn (/Users/josephsawaya/dev/test-result-action/node_modules/jest-circus/build/utils.js:231:10)
    at _callCircusTest (/Users/josephsawaya/dev/test-result-action/node_modules/jest-circus/build/run.js:316:40)
    at processTicksAndRejections (node:internal/process/task_queues:95:5)
    at _runTest (/Users/josephsawaya/dev/test-result-action/node_modules/jest-circus/build/run.js:252:3)
    at _runTestsForDescribeBlock (/Users/josephsawaya/dev/test-result-action/node_modules/jest-circus/build/run.js:126:9)
    at run (/Users/josephsawaya/dev/test-result-action/node_modules/jest-circus/build/run.js:71:3)
    at runAndTransformResultsToJestFormat (/Users/josephsawaya/dev/test-result-action/node_modules/jest-circus/build/legacy-code-todo-rewrite/jestAdapterInit.js:122:21)
    at jestAdapter (/Users/josephsawaya/dev/test-result-action/node_modules/jest-circus/build/legacy-code-todo-rewrite/jestAdapter.js:79:19)
    at runTestInternal (/Users/josephsawaya/dev/test-result-action/node_modules/jest-runner/build/runTest.js:367:16)
    at runTest (/Users/josephsawaya/dev/test-result-action/node_modules/jest-runner/build/runTest.js:444:34)</failure>
    </testcase>
    <testcase classname=" fully covered" name=" fully covered" time="0">
      <failure>Error: expect(received).toEqual(expected) // deep equality

Expected: false
Received: true
    at Object.&lt;anonymous&gt; (/Users/josephsawaya/dev/test-result-action/demo/coverage-test/coverage.test.ts:10:39)
    at Promise.then.completed (/Users/josephsawaya/dev/test-result-action/node_modules/jest-circus/build/utils.js:298:28)
    at new Promise (&lt;anonymous&gt;)
    at callAsyncCircusFn (/Users/josephsawaya/dev/test-result-action/node_modules/jest-circus/build/utils.js:231:10)
    at _callCircusTest (/Users/josephsawaya/dev/test-result-action/node_modules/jest-circus/build/run.js:316:40)
    at processTicksAndRejections (node:internal/process/task_queues:95:5)
    at _runTest (/Users/josephsawaya/dev/test-result-action/node_modules/jest-circus/build/run.js:252:3)
    at _runTestsForDescribeBlock (/Users/josephsawaya/dev/test-result-action/node_modules/jest-circus/build/run.js:126:9)
    at run (/Users/josephsawaya/dev/test-result-action/node_modules/jest-circus/build/run.js:71:3)
    at runAndTransformResultsToJestFormat (/Users/josephsawaya/dev/test-result-action/node_modules/jest-circus/build/legacy-code-todo-rewrite/jestAdapterInit.js:122:21)
    at jestAdapter (/Users/josephsawaya/dev/test-result-action/node_modules/jest-circus/build/legacy-code-todo-rewrite/jestAdapter.js:79:19)
    at runTestInternal (/Users/josephsawaya/dev/test-result-action/node_modules/jest-runner/build/runTest.js:367:16)
    at runTest (/Users/josephsawaya/dev/test-result-action/node_modules/jest-runner/build/runTest.js:444:34)</failure>
    </testcase>
  </testsuite>
</testsuites>